  FTP_SERVER_OFFICAL.cpp
d:\programminglanguage\project\visual studio project\networkprogramming\ftp_server_offical\ftp_server_offical.cpp(31): warning C4244: 'argument': conversion from 'DWORD' to 'WORD', possible loss of data
d:\programminglanguage\project\visual studio project\networkprogramming\ftp_server_offical\ftp_server_offical.cpp(41): warning C4996: 'inet_addr': Use inet_pton() or InetPton() instead or define _WINSOCK_DEPRECATED_NO_WARNINGS to disable deprecated API warnings
  c:\program files (x86)\windows kits\8.1\include\um\winsock2.h(1850): note: see declaration of 'inet_addr'
d:\programminglanguage\project\visual studio project\networkprogramming\ftp_server_offical\ftp_server_offical.cpp(204): warning C4129: 'd': unrecognized character escape sequence
d:\programminglanguage\project\visual studio project\networkprogramming\ftp_server_offical\ftp_server_offical.cpp(66): warning C4996: 'inet_ntoa': Use inet_ntop() or InetNtop() instead or define _WINSOCK_DEPRECATED_NO_WARNINGS to disable deprecated API warnings
  c:\program files (x86)\windows kits\8.1\include\um\winsock2.h(1868): note: see declaration of 'inet_ntoa'
d:\programminglanguage\project\visual studio project\networkprogramming\ftp_server_offical\ftp_server_offical.cpp(84): warning C4996: 'strcpy': This function or variable may be unsafe. Consider using strcpy_s instead. To disable deprecation, use _CRT_SECURE_NO_WARNINGS. See online help for details.
  c:\program files (x86)\windows kits\10\include\10.0.10240.0\ucrt\string.h(119): note: see declaration of 'strcpy'
d:\programminglanguage\project\visual studio project\networkprogramming\ftp_server_offical\ftp_server_offical.cpp(112): warning C4996: 'sprintf': This function or variable may be unsafe. Consider using sprintf_s instead. To disable deprecation, use _CRT_SECURE_NO_WARNINGS. See online help for details.
  c:\program files (x86)\windows kits\10\include\10.0.10240.0\ucrt\stdio.h(1769): note: see declaration of 'sprintf'
d:\programminglanguage\project\visual studio project\networkprogramming\ftp_server_offical\ftp_server_offical.cpp(121): warning C4996: 'sprintf': This function or variable may be unsafe. Consider using sprintf_s instead. To disable deprecation, use _CRT_SECURE_NO_WARNINGS. See online help for details.
  c:\program files (x86)\windows kits\10\include\10.0.10240.0\ucrt\stdio.h(1769): note: see declaration of 'sprintf'
d:\programminglanguage\project\visual studio project\networkprogramming\ftp_server_offical\ftp_server_offical.cpp(131): warning C4996: 'fopen': This function or variable may be unsafe. Consider using fopen_s instead. To disable deprecation, use _CRT_SECURE_NO_WARNINGS. See online help for details.
  c:\program files (x86)\windows kits\10\include\10.0.10240.0\ucrt\stdio.h(205): note: see declaration of 'fopen'
d:\programminglanguage\project\visual studio project\networkprogramming\ftp_server_offical\ftp_server_offical.cpp(133): warning C4996: 'sprintf': This function or variable may be unsafe. Consider using sprintf_s instead. To disable deprecation, use _CRT_SECURE_NO_WARNINGS. See online help for details.
  c:\program files (x86)\windows kits\10\include\10.0.10240.0\ucrt\stdio.h(1769): note: see declaration of 'sprintf'
d:\programminglanguage\project\visual studio project\networkprogramming\ftp_server_offical\ftp_server_offical.cpp(139): warning C4996: 'sprintf': This function or variable may be unsafe. Consider using sprintf_s instead. To disable deprecation, use _CRT_SECURE_NO_WARNINGS. See online help for details.
  c:\program files (x86)\windows kits\10\include\10.0.10240.0\ucrt\stdio.h(1769): note: see declaration of 'sprintf'
d:\programminglanguage\project\visual studio project\networkprogramming\ftp_server_offical\ftp_server_offical.cpp(143): warning C4996: 'sprintf': This function or variable may be unsafe. Consider using sprintf_s instead. To disable deprecation, use _CRT_SECURE_NO_WARNINGS. See online help for details.
  c:\program files (x86)\windows kits\10\include\10.0.10240.0\ucrt\stdio.h(1769): note: see declaration of 'sprintf'
d:\programminglanguage\project\visual studio project\networkprogramming\ftp_server_offical\ftp_server_offical.cpp(159): warning C4477: 'sscanf' : format string '%d' requires an argument of type 'int *', but variadic argument 5 has type 'unsigned char *'
  d:\programminglanguage\project\visual studio project\networkprogramming\ftp_server_offical\ftp_server_offical.cpp(159): note: consider using '%hhd' in the format string
d:\programminglanguage\project\visual studio project\networkprogramming\ftp_server_offical\ftp_server_offical.cpp(159): warning C4477: 'sscanf' : format string '%d' requires an argument of type 'int *', but variadic argument 6 has type 'unsigned char *'
  d:\programminglanguage\project\visual studio project\networkprogramming\ftp_server_offical\ftp_server_offical.cpp(159): note: consider using '%hhd' in the format string
d:\programminglanguage\project\visual studio project\networkprogramming\ftp_server_offical\ftp_server_offical.cpp(159): warning C4996: 'sscanf': This function or variable may be unsafe. Consider using sscanf_s instead. To disable deprecation, use _CRT_SECURE_NO_WARNINGS. See online help for details.
  c:\program files (x86)\windows kits\10\include\10.0.10240.0\ucrt\stdio.h(2254): note: see declaration of 'sscanf'
d:\programminglanguage\project\visual studio project\networkprogramming\ftp_server_offical\ftp_server_offical.cpp(163): warning C4996: 'sprintf': This function or variable may be unsafe. Consider using sprintf_s instead. To disable deprecation, use _CRT_SECURE_NO_WARNINGS. See online help for details.
  c:\program files (x86)\windows kits\10\include\10.0.10240.0\ucrt\stdio.h(1769): note: see declaration of 'sprintf'
d:\programminglanguage\project\visual studio project\networkprogramming\ftp_server_offical\ftp_server_offical.cpp(166): warning C4996: 'inet_addr': Use inet_pton() or InetPton() instead or define _WINSOCK_DEPRECATED_NO_WARNINGS to disable deprecated API warnings
  c:\program files (x86)\windows kits\8.1\include\um\winsock2.h(1850): note: see declaration of 'inet_addr'
d:\programminglanguage\project\visual studio project\networkprogramming\ftp_server_offical\ftp_server_offical.cpp(170): warning C4996: 'inet_ntoa': Use inet_ntop() or InetNtop() instead or define _WINSOCK_DEPRECATED_NO_WARNINGS to disable deprecated API warnings
  c:\program files (x86)\windows kits\8.1\include\um\winsock2.h(1868): note: see declaration of 'inet_ntoa'
d:\programminglanguage\project\visual studio project\networkprogramming\ftp_server_offical\ftp_server_offical.cpp(171): warning C4996: 'sprintf': This function or variable may be unsafe. Consider using sprintf_s instead. To disable deprecation, use _CRT_SECURE_NO_WARNINGS. See online help for details.
  c:\program files (x86)\windows kits\10\include\10.0.10240.0\ucrt\stdio.h(1769): note: see declaration of 'sprintf'
d:\programminglanguage\project\visual studio project\networkprogramming\ftp_server_offical\ftp_server_offical.cpp(176): warning C4996: 'sprintf': This function or variable may be unsafe. Consider using sprintf_s instead. To disable deprecation, use _CRT_SECURE_NO_WARNINGS. See online help for details.
  c:\program files (x86)\windows kits\10\include\10.0.10240.0\ucrt\stdio.h(1769): note: see declaration of 'sprintf'
d:\programminglanguage\project\visual studio project\networkprogramming\ftp_server_offical\ftp_server_offical.cpp(193): warning C4996: 'fopen': This function or variable may be unsafe. Consider using fopen_s instead. To disable deprecation, use _CRT_SECURE_NO_WARNINGS. See online help for details.
  c:\program files (x86)\windows kits\10\include\10.0.10240.0\ucrt\stdio.h(205): note: see declaration of 'fopen'
d:\programminglanguage\project\visual studio project\networkprogramming\ftp_server_offical\ftp_server_offical.cpp(194): warning C4996: 'sprintf': This function or variable may be unsafe. Consider using sprintf_s instead. To disable deprecation, use _CRT_SECURE_NO_WARNINGS. See online help for details.
  c:\program files (x86)\windows kits\10\include\10.0.10240.0\ucrt\stdio.h(1769): note: see declaration of 'sprintf'
d:\programminglanguage\project\visual studio project\networkprogramming\ftp_server_offical\ftp_server_offical.cpp(198): warning C4996: 'sprintf': This function or variable may be unsafe. Consider using sprintf_s instead. To disable deprecation, use _CRT_SECURE_NO_WARNINGS. See online help for details.
  c:\program files (x86)\windows kits\10\include\10.0.10240.0\ucrt\stdio.h(1769): note: see declaration of 'sprintf'
d:\programminglanguage\project\visual studio project\networkprogramming\ftp_server_offical\ftp_server_offical.cpp(202): warning C4996: 'fopen': This function or variable may be unsafe. Consider using fopen_s instead. To disable deprecation, use _CRT_SECURE_NO_WARNINGS. See online help for details.
  c:\program files (x86)\windows kits\10\include\10.0.10240.0\ucrt\stdio.h(205): note: see declaration of 'fopen'
d:\programminglanguage\project\visual studio project\networkprogramming\ftp_server_offical\ftp_server_offical.cpp(204): warning C4996: 'fopen': This function or variable may be unsafe. Consider using fopen_s instead. To disable deprecation, use _CRT_SECURE_NO_WARNINGS. See online help for details.
  c:\program files (x86)\windows kits\10\include\10.0.10240.0\ucrt\stdio.h(205): note: see declaration of 'fopen'
d:\programminglanguage\project\visual studio project\networkprogramming\ftp_server_offical\ftp_server_offical.cpp(212): warning C4996: 'sprintf': This function or variable may be unsafe. Consider using sprintf_s instead. To disable deprecation, use _CRT_SECURE_NO_WARNINGS. See online help for details.
  c:\program files (x86)\windows kits\10\include\10.0.10240.0\ucrt\stdio.h(1769): note: see declaration of 'sprintf'
d:\programminglanguage\project\visual studio project\networkprogramming\ftp_server_offical\ftp_server_offical.cpp(227): warning C4996: 'sprintf': This function or variable may be unsafe. Consider using sprintf_s instead. To disable deprecation, use _CRT_SECURE_NO_WARNINGS. See online help for details.
  c:\program files (x86)\windows kits\10\include\10.0.10240.0\ucrt\stdio.h(1769): note: see declaration of 'sprintf'
d:\programminglanguage\project\visual studio project\networkprogramming\ftp_server_offical\ftp_server_offical.cpp(235): warning C4715: 'ClientThread': not all control paths return a value
  FTP_SERVER_OFFICAL.vcxproj -> D:\ProgrammingLanguage\Project\Visual Studio Project\NetworkProgramming\Debug\FTP_SERVER_OFFICAL.exe
  FTP_SERVER_OFFICAL.vcxproj -> D:\ProgrammingLanguage\Project\Visual Studio Project\NetworkProgramming\Debug\FTP_SERVER_OFFICAL.pdb (Full PDB)
